Copyright 1986-2019 Xilinx, Inc. All Rights Reserved.
------------------------------------------------------------------------------------
| Tool Version : Vivado v.2019.2 (lin64) Build 2708876 Wed Nov  6 21:39:14 MST 2019
| Date         : Sun May 10 22:05:25 2020
| Host         : malak running 64-bit Ubuntu 18.04.4 LTS
| Command      : report_control_sets -verbose -file top_control_sets_placed.rpt
| Design       : top
| Device       : xc7a100t
------------------------------------------------------------------------------------

Control Set Information

Table of Contents
-----------------
1. Summary
2. Histogram
3. Flip-Flop Distribution
4. Detailed Control Set Information

1. Summary
----------

+----------------------------------------------------------+-------+
|                          Status                          | Count |
+----------------------------------------------------------+-------+
| Total control sets                                       |    10 |
|    Minimum number of control sets                        |    10 |
|    Addition due to synthesis replication                 |     0 |
|    Addition due to physical synthesis replication        |     0 |
| Unused register locations in slices containing registers |    36 |
+----------------------------------------------------------+-------+
* Control sets can be merged at opt_design using control_set_merge or merge_equivalent_drivers
** Run report_qor_suggestions for automated merging and remapping suggestions


2. Histogram
------------

+--------------------+-------+
|       Fanout       | Count |
+--------------------+-------+
| Total control sets |    10 |
| >= 0 to < 4        |     0 |
| >= 4 to < 6        |     9 |
| >= 6 to < 8        |     0 |
| >= 8 to < 10       |     1 |
| >= 10 to < 12      |     0 |
| >= 12 to < 14      |     0 |
| >= 14 to < 16      |     0 |
| >= 16              |     0 |
+--------------------+-------+
* Control sets can be remapped at either synth_design or opt_design


3. Flip-Flop Distribution
-------------------------

+--------------+-----------------------+------------------------+-----------------+--------------+
| Clock Enable | Synchronous Set/Reset | Asynchronous Set/Reset | Total Registers | Total Slices |
+--------------+-----------------------+------------------------+-----------------+--------------+
| No           | No                    | No                     |              12 |            7 |
| No           | No                    | Yes                    |               0 |            0 |
| No           | Yes                   | No                     |               0 |            0 |
| Yes          | No                    | No                     |               0 |            0 |
| Yes          | No                    | Yes                    |              32 |           14 |
| Yes          | Yes                   | No                     |               0 |            0 |
+--------------+-----------------------+------------------------+-----------------+--------------+


4. Detailed Control Set Information
-----------------------------------

+------------------+---------------+------------------+------------------+----------------+
|   Clock Signal   | Enable Signal | Set/Reset Signal | Slice Load Count | Bel Load Count |
+------------------+---------------+------------------+------------------+----------------+
|  CLK_IBUF_BUFG   | mem1/d38/Q[0] | BTNC_IBUF        |                1 |              4 |
|  CLK_IBUF_BUFG   | mem1/d38/Q[1] | BTNC_IBUF        |                1 |              4 |
|  CLK_IBUF_BUFG   | mem1/d38/Q[2] | BTNC_IBUF        |                4 |              4 |
|  CLK_IBUF_BUFG   | mem1/d38/Q[7] | BTNC_IBUF        |                2 |              4 |
|  CLK_IBUF_BUFG   | mem1/d38/Q[5] | BTNC_IBUF        |                1 |              4 |
|  CLK_IBUF_BUFG   | mem1/d38/Q[6] | BTNC_IBUF        |                2 |              4 |
|  CLK_IBUF_BUFG   | mem1/d38/Q[4] | BTNC_IBUF        |                1 |              4 |
|  CLK_IBUF_BUFG   | mem1/d38/Q[3] | BTNC_IBUF        |                2 |              4 |
| ~SW_IBUF_BUFG[7] |               |                  |                4 |              4 |
|  SW_IBUF_BUFG[7] |               |                  |                3 |              8 |
+------------------+---------------+------------------+------------------+----------------+


